{"/Users/peterpilkington/Documents/futureproof/philCode/ChatterBox/server/data.js": {"path":"/Users/peterpilkington/Documents/futureproof/philCode/ChatterBox/server/data.js","statementMap":{"0":{"start":{"line":1,"column":21},"end":{"line":45,"column":2}},"1":{"start":{"line":47,"column":0},"end":{"line":47,"column":32}}},"fnMap":{},"branchMap":{},"s":{"0":1,"1":1},"f":{},"b":{},"_coverageSchema":"1a1c01bbd47fc00a2c39e90264f33305004495a9","hash":"d209be0ea79efa2a79083d64f3760f4a46c00244"}
,"/Users/peterpilkington/Documents/futureproof/philCode/ChatterBox/server/server.js": {"path":"/Users/peterpilkington/Documents/futureproof/philCode/ChatterBox/server/server.js","statementMap":{"0":{"start":{"line":1,"column":16},"end":{"line":1,"column":34}},"1":{"start":{"line":2,"column":12},"end":{"line":2,"column":21}},"2":{"start":{"line":3,"column":19},"end":{"line":3,"column":41}},"3":{"start":{"line":4,"column":22},"end":{"line":4,"column":61}},"4":{"start":{"line":5,"column":13},"end":{"line":5,"column":28}},"5":{"start":{"line":7,"column":0},"end":{"line":7,"column":27}},"6":{"start":{"line":8,"column":0},"end":{"line":8,"column":23}},"7":{"start":{"line":9,"column":0},"end":{"line":9,"column":16}},"8":{"start":{"line":10,"column":0},"end":{"line":10,"column":27}},"9":{"start":{"line":13,"column":0},"end":{"line":13,"column":21}}},"fnMap":{},"branchMap":{},"s":{"0":1,"1":1,"2":1,"3":1,"4":1,"5":1,"6":1,"7":1,"8":1,"9":1},"f":{},"b":{},"_coverageSchema":"1a1c01bbd47fc00a2c39e90264f33305004495a9","hash":"f95946ce0f894b4b013980db3e6fd1daf4c5c187"}
,"/Users/peterpilkington/Documents/futureproof/philCode/ChatterBox/server/controller/journal.js": {"path":"/Users/peterpilkington/Documents/futureproof/philCode/ChatterBox/server/controller/journal.js","statementMap":{"0":{"start":{"line":1,"column":16},"end":{"line":1,"column":34}},"1":{"start":{"line":2,"column":15},"end":{"line":2,"column":31}},"2":{"start":{"line":3,"column":20},"end":{"line":3,"column":38}},"3":{"start":{"line":4,"column":21},"end":{"line":4,"column":49}},"4":{"start":{"line":7,"column":0},"end":{"line":9,"column":2}},"5":{"start":{"line":8,"column":4},"end":{"line":8,"column":18}},"6":{"start":{"line":12,"column":0},"end":{"line":14,"column":2}},"7":{"start":{"line":13,"column":4},"end":{"line":13,"column":25}},"8":{"start":{"line":18,"column":0},"end":{"line":20,"column":2}},"9":{"start":{"line":19,"column":4},"end":{"line":19,"column":43}},"10":{"start":{"line":23,"column":0},"end":{"line":25,"column":2}},"11":{"start":{"line":24,"column":4},"end":{"line":24,"column":72}},"12":{"start":{"line":28,"column":0},"end":{"line":30,"column":2}},"13":{"start":{"line":29,"column":4},"end":{"line":29,"column":51}},"14":{"start":{"line":37,"column":0},"end":{"line":45,"column":2}},"15":{"start":{"line":38,"column":4},"end":{"line":38,"column":33}},"16":{"start":{"line":41,"column":17},"end":{"line":41,"column":25}},"17":{"start":{"line":42,"column":21},"end":{"line":42,"column":51}},"18":{"start":{"line":43,"column":4},"end":{"line":43,"column":36}},"19":{"start":{"line":44,"column":4},"end":{"line":44,"column":62}},"20":{"start":{"line":47,"column":0},"end":{"line":54,"column":2}},"21":{"start":{"line":48,"column":24},"end":{"line":48,"column":32}},"22":{"start":{"line":49,"column":15},"end":{"line":49,"column":28}},"23":{"start":{"line":50,"column":24},"end":{"line":50,"column":64}},"24":{"start":{"line":52,"column":4},"end":{"line":52,"column":43}},"25":{"start":{"line":53,"column":4},"end":{"line":53,"column":35}},"26":{"start":{"line":56,"column":0},"end":{"line":65,"column":2}},"27":{"start":{"line":57,"column":17},"end":{"line":57,"column":25}},"28":{"start":{"line":58,"column":15},"end":{"line":58,"column":22}},"29":{"start":{"line":59,"column":20},"end":{"line":59,"column":32}},"30":{"start":{"line":60,"column":4},"end":{"line":60,"column":39}},"31":{"start":{"line":61,"column":24},"end":{"line":61,"column":64}},"32":{"start":{"line":63,"column":4},"end":{"line":63,"column":43}},"33":{"start":{"line":64,"column":4},"end":{"line":64,"column":36}},"34":{"start":{"line":78,"column":0},"end":{"line":78,"column":24}}},"fnMap":{"0":{"name":"(anonymous_0)","decl":{"start":{"line":7,"column":17},"end":{"line":7,"column":18}},"loc":{"start":{"line":7,"column":30},"end":{"line":9,"column":1}},"line":7},"1":{"name":"(anonymous_1)","decl":{"start":{"line":12,"column":24},"end":{"line":12,"column":25}},"loc":{"start":{"line":12,"column":37},"end":{"line":14,"column":1}},"line":12},"2":{"name":"(anonymous_2)","decl":{"start":{"line":18,"column":27},"end":{"line":18,"column":28}},"loc":{"start":{"line":18,"column":40},"end":{"line":20,"column":1}},"line":18},"3":{"name":"(anonymous_3)","decl":{"start":{"line":23,"column":42},"end":{"line":23,"column":43}},"loc":{"start":{"line":23,"column":55},"end":{"line":25,"column":1}},"line":23},"4":{"name":"(anonymous_4)","decl":{"start":{"line":28,"column":36},"end":{"line":28,"column":37}},"loc":{"start":{"line":28,"column":49},"end":{"line":30,"column":1}},"line":28},"5":{"name":"(anonymous_5)","decl":{"start":{"line":37,"column":24},"end":{"line":37,"column":25}},"loc":{"start":{"line":37,"column":37},"end":{"line":45,"column":1}},"line":37},"6":{"name":"(anonymous_6)","decl":{"start":{"line":47,"column":38},"end":{"line":47,"column":39}},"loc":{"start":{"line":47,"column":51},"end":{"line":54,"column":1}},"line":47},"7":{"name":"(anonymous_7)","decl":{"start":{"line":56,"column":44},"end":{"line":56,"column":45}},"loc":{"start":{"line":56,"column":57},"end":{"line":65,"column":1}},"line":56}},"branchMap":{},"s":{"0":1,"1":1,"2":1,"3":1,"4":1,"5":0,"6":1,"7":1,"8":1,"9":0,"10":1,"11":1,"12":1,"13":1,"14":1,"15":0,"16":0,"17":0,"18":0,"19":0,"20":1,"21":0,"22":0,"23":0,"24":0,"25":0,"26":1,"27":0,"28":0,"29":0,"30":0,"31":0,"32":0,"33":0,"34":1},"f":{"0":0,"1":1,"2":0,"3":1,"4":1,"5":0,"6":0,"7":0},"b":{},"_coverageSchema":"1a1c01bbd47fc00a2c39e90264f33305004495a9","hash":"dcda3d02eaee1356814788a9e3f091f18d8403e0"}
,"/Users/peterpilkington/Documents/futureproof/philCode/ChatterBox/server/models/journal.js": {"path":"/Users/peterpilkington/Documents/futureproof/philCode/ChatterBox/server/models/journal.js","statementMap":{"0":{"start":{"line":1,"column":20},"end":{"line":1,"column":38}},"1":{"start":{"line":2,"column":14},"end":{"line":2,"column":30}},"2":{"start":{"line":3,"column":19},"end":{"line":3,"column":55}},"3":{"start":{"line":4,"column":0},"end":{"line":4,"column":26}},"4":{"start":{"line":9,"column":8},"end":{"line":9,"column":26}},"5":{"start":{"line":10,"column":8},"end":{"line":10,"column":34}},"6":{"start":{"line":11,"column":8},"end":{"line":11,"column":28}},"7":{"start":{"line":12,"column":8},"end":{"line":12,"column":36}},"8":{"start":{"line":13,"column":8},"end":{"line":13,"column":32}},"9":{"start":{"line":14,"column":8},"end":{"line":14,"column":30}},"10":{"start":{"line":15,"column":8},"end":{"line":15,"column":36}},"11":{"start":{"line":19,"column":31},"end":{"line":19,"column":82}},"12":{"start":{"line":19,"column":58},"end":{"line":19,"column":81}},"13":{"start":{"line":20,"column":8},"end":{"line":20,"column":29}},"14":{"start":{"line":25,"column":21},"end":{"line":25,"column":49}},"15":{"start":{"line":26,"column":25},"end":{"line":33,"column":10}},"16":{"start":{"line":34,"column":8},"end":{"line":34,"column":34}},"17":{"start":{"line":35,"column":8},"end":{"line":35,"column":23}},"18":{"start":{"line":41,"column":8},"end":{"line":45,"column":9}},"19":{"start":{"line":42,"column":12},"end":{"line":42,"column":45}},"20":{"start":{"line":44,"column":12},"end":{"line":44,"column":36}},"21":{"start":{"line":50,"column":27},"end":{"line":50,"column":47}},"22":{"start":{"line":52,"column":29},"end":{"line":52,"column":46}},"23":{"start":{"line":53,"column":8},"end":{"line":53,"column":63}},"24":{"start":{"line":58,"column":29},"end":{"line":58,"column":48}},"25":{"start":{"line":59,"column":29},"end":{"line":59,"column":46}},"26":{"start":{"line":60,"column":28},"end":{"line":60,"column":44}},"27":{"start":{"line":61,"column":26},"end":{"line":61,"column":53}},"28":{"start":{"line":63,"column":8},"end":{"line":71,"column":10}},"29":{"start":{"line":75,"column":0},"end":{"line":75,"column":30}}},"fnMap":{"0":{"name":"(anonymous_0)","decl":{"start":{"line":8,"column":4},"end":{"line":8,"column":5}},"loc":{"start":{"line":8,"column":23},"end":{"line":16,"column":5}},"line":8},"1":{"name":"(anonymous_1)","decl":{"start":{"line":18,"column":4},"end":{"line":18,"column":5}},"loc":{"start":{"line":18,"column":21},"end":{"line":21,"column":5}},"line":18},"2":{"name":"(anonymous_2)","decl":{"start":{"line":19,"column":47},"end":{"line":19,"column":48}},"loc":{"start":{"line":19,"column":58},"end":{"line":19,"column":81}},"line":19},"3":{"name":"(anonymous_3)","decl":{"start":{"line":24,"column":4},"end":{"line":24,"column":5}},"loc":{"start":{"line":24,"column":30},"end":{"line":36,"column":5}},"line":24},"4":{"name":"(anonymous_4)","decl":{"start":{"line":39,"column":4},"end":{"line":39,"column":5}},"loc":{"start":{"line":39,"column":21},"end":{"line":46,"column":5}},"line":39},"5":{"name":"(anonymous_5)","decl":{"start":{"line":49,"column":4},"end":{"line":49,"column":5}},"loc":{"start":{"line":49,"column":32},"end":{"line":54,"column":5}},"line":49},"6":{"name":"(anonymous_6)","decl":{"start":{"line":57,"column":4},"end":{"line":57,"column":5}},"loc":{"start":{"line":57,"column":32},"end":{"line":72,"column":5}},"line":57}},"branchMap":{"0":{"loc":{"start":{"line":41,"column":8},"end":{"line":45,"column":9}},"type":"if","locations":[{"start":{"line":41,"column":8},"end":{"line":45,"column":9}},{"start":{"line":43,"column":15},"end":{"line":45,"column":9}}],"line":41}},"s":{"0":1,"1":1,"2":1,"3":1,"4":0,"5":0,"6":0,"7":0,"8":0,"9":0,"10":0,"11":0,"12":0,"13":0,"14":0,"15":0,"16":0,"17":0,"18":0,"19":0,"20":0,"21":0,"22":0,"23":0,"24":0,"25":0,"26":0,"27":0,"28":0,"29":1},"f":{"0":0,"1":0,"2":0,"3":0,"4":0,"5":0,"6":0},"b":{"0":[0,0]},"_coverageSchema":"1a1c01bbd47fc00a2c39e90264f33305004495a9","hash":"48ed33c0e0063afde384f7e6602ede46c68a62b3"}
}
